node:child_process:958
    throw err;
    ^

Error: Command failed: git push
ssh: connect to host github.com port 22: Undefined error: 0
fatal: Could not read from remote repository.

Please make sure you have the correct access rights
and the repository exists.

    at genericNodeError (node:internal/errors:983:15)
    at wrappedFn (node:internal/errors:537:14)
    at checkExecSyncError (node:child_process:883:11)
    at execSync (node:child_process:955:15)
    at run (/Users/macbookpro/NewProd/daily-commit-bot.js:24:10)
    at commitAndPush (/Users/macbookpro/NewProd/daily-commit-bot.js:124:5)
    at main (/Users/macbookpro/NewProd/daily-commit-bot.js:137:14)
    at Object.<anonymous> (/Users/macbookpro/NewProd/daily-commit-bot.js:139:3)
    at Module._compile (node:internal/modules/cjs/loader:1730:14)
    at Object..js (node:internal/modules/cjs/loader:1895:10) {
  status: 128,
  signal: null,
  output: [
    null,
    '',
    'ssh: connect to host github.com port 22: Undefined error: 0\r\n' +
      'fatal: Could not read from remote repository.\n' +
      '\n' +
      'Please make sure you have the correct access rights\n' +
      'and the repository exists.\n'
  ],
  pid: 59220,
  stdout: '',
  stderr: 'ssh: connect to host github.com port 22: Undefined error: 0\r\n' +
    'fatal: Could not read from remote repository.\n' +
    '\n' +
    'Please make sure you have the correct access rights\n' +
    'and the repository exists.\n'
}

Node.js v22.17.0
node:child_process:958
    throw err;
    ^

Error: Command failed: git push
ssh: connect to host github.com port 22: Undefined error: 0
fatal: Could not read from remote repository.

Please make sure you have the correct access rights
and the repository exists.

    at genericNodeError (node:internal/errors:983:15)
    at wrappedFn (node:internal/errors:537:14)
    at checkExecSyncError (node:child_process:883:11)
    at execSync (node:child_process:955:15)
    at run (/Users/macbookpro/NewProd/daily-commit-bot.js:24:10)
    at commitAndPush (/Users/macbookpro/NewProd/daily-commit-bot.js:124:5)
    at main (/Users/macbookpro/NewProd/daily-commit-bot.js:137:14)
    at Object.<anonymous> (/Users/macbookpro/NewProd/daily-commit-bot.js:139:3)
    at Module._compile (node:internal/modules/cjs/loader:1730:14)
    at Object..js (node:internal/modules/cjs/loader:1895:10) {
  status: 128,
  signal: null,
  output: [
    null,
    '',
    'ssh: connect to host github.com port 22: Undefined error: 0\r\n' +
      'fatal: Could not read from remote repository.\n' +
      '\n' +
      'Please make sure you have the correct access rights\n' +
      'and the repository exists.\n'
  ],
  pid: 21866,
  stdout: '',
  stderr: 'ssh: connect to host github.com port 22: Undefined error: 0\r\n' +
    'fatal: Could not read from remote repository.\n' +
    '\n' +
    'Please make sure you have the correct access rights\n' +
    'and the repository exists.\n'
}

Node.js v22.17.0
node:child_process:958
    throw err;
    ^

Error: Command failed: git push
ssh: connect to host github.com port 22: Undefined error: 0
fatal: Could not read from remote repository.

Please make sure you have the correct access rights
and the repository exists.

    at genericNodeError (node:internal/errors:983:15)
    at wrappedFn (node:internal/errors:537:14)
    at checkExecSyncError (node:child_process:883:11)
    at execSync (node:child_process:955:15)
    at run (/Users/macbookpro/NewProd/daily-commit-bot.js:24:10)
    at commitAndPush (/Users/macbookpro/NewProd/daily-commit-bot.js:124:5)
    at main (/Users/macbookpro/NewProd/daily-commit-bot.js:137:14)
    at Object.<anonymous> (/Users/macbookpro/NewProd/daily-commit-bot.js:139:3)
    at Module._compile (node:internal/modules/cjs/loader:1730:14)
    at Object..js (node:internal/modules/cjs/loader:1895:10) {
  status: 128,
  signal: null,
  output: [
    null,
    '',
    'ssh: connect to host github.com port 22: Undefined error: 0\r\n' +
      'fatal: Could not read from remote repository.\n' +
      '\n' +
      'Please make sure you have the correct access rights\n' +
      'and the repository exists.\n'
  ],
  pid: 71681,
  stdout: '',
  stderr: 'ssh: connect to host github.com port 22: Undefined error: 0\r\n' +
    'fatal: Could not read from remote repository.\n' +
    '\n' +
    'Please make sure you have the correct access rights\n' +
    'and the repository exists.\n'
}

Node.js v22.17.0
node:child_process:958
    throw err;
    ^

Error: Command failed: git push
ssh: connect to host github.com port 22: Undefined error: 0
fatal: Could not read from remote repository.

Please make sure you have the correct access rights
and the repository exists.

    at genericNodeError (node:internal/errors:983:15)
    at wrappedFn (node:internal/errors:537:14)
    at checkExecSyncError (node:child_process:883:11)
    at execSync (node:child_process:955:15)
    at run (/Users/macbookpro/NewProd/daily-commit-bot.js:24:10)
    at commitAndPush (/Users/macbookpro/NewProd/daily-commit-bot.js:124:5)
    at main (/Users/macbookpro/NewProd/daily-commit-bot.js:137:14)
    at Object.<anonymous> (/Users/macbookpro/NewProd/daily-commit-bot.js:139:3)
    at Module._compile (node:internal/modules/cjs/loader:1730:14)
    at Object..js (node:internal/modules/cjs/loader:1895:10) {
  status: 128,
  signal: null,
  output: [
    null,
    '',
    'ssh: connect to host github.com port 22: Undefined error: 0\r\n' +
      'fatal: Could not read from remote repository.\n' +
      '\n' +
      'Please make sure you have the correct access rights\n' +
      'and the repository exists.\n'
  ],
  pid: 75125,
  stdout: '',
  stderr: 'ssh: connect to host github.com port 22: Undefined error: 0\r\n' +
    'fatal: Could not read from remote repository.\n' +
    '\n' +
    'Please make sure you have the correct access rights\n' +
    'and the repository exists.\n'
}

Node.js v22.17.0
node:child_process:958
    throw err;
    ^

Error: Command failed: git push
ssh: connect to host github.com port 22: Undefined error: 0
fatal: Could not read from remote repository.

Please make sure you have the correct access rights
and the repository exists.

    at genericNodeError (node:internal/errors:983:15)
    at wrappedFn (node:internal/errors:537:14)
    at checkExecSyncError (node:child_process:883:11)
    at execSync (node:child_process:955:15)
    at run (/Users/macbookpro/NewProd/daily-commit-bot.js:24:10)
    at commitAndPush (/Users/macbookpro/NewProd/daily-commit-bot.js:124:5)
    at main (/Users/macbookpro/NewProd/daily-commit-bot.js:137:14)
    at Object.<anonymous> (/Users/macbookpro/NewProd/daily-commit-bot.js:139:3)
    at Module._compile (node:internal/modules/cjs/loader:1730:14)
    at Object..js (node:internal/modules/cjs/loader:1895:10) {
  status: 128,
  signal: null,
  output: [
    null,
    '',
    'ssh: connect to host github.com port 22: Undefined error: 0\r\n' +
      'fatal: Could not read from remote repository.\n' +
      '\n' +
      'Please make sure you have the correct access rights\n' +
      'and the repository exists.\n'
  ],
  pid: 76581,
  stdout: '',
  stderr: 'ssh: connect to host github.com port 22: Undefined error: 0\r\n' +
    'fatal: Could not read from remote repository.\n' +
    '\n' +
    'Please make sure you have the correct access rights\n' +
    'and the repository exists.\n'
}

Node.js v22.17.0
node:child_process:958
    throw err;
    ^

Error: Command failed: git push
ssh: connect to host github.com port 22: Undefined error: 0
fatal: Could not read from remote repository.

Please make sure you have the correct access rights
and the repository exists.

    at genericNodeError (node:internal/errors:983:15)
    at wrappedFn (node:internal/errors:537:14)
    at checkExecSyncError (node:child_process:883:11)
    at execSync (node:child_process:955:15)
    at run (/Users/macbookpro/NewProd/daily-commit-bot.js:24:10)
    at commitAndPush (/Users/macbookpro/NewProd/daily-commit-bot.js:124:5)
    at main (/Users/macbookpro/NewProd/daily-commit-bot.js:137:14)
    at Object.<anonymous> (/Users/macbookpro/NewProd/daily-commit-bot.js:139:3)
    at Module._compile (node:internal/modules/cjs/loader:1730:14)
    at Object..js (node:internal/modules/cjs/loader:1895:10) {
  status: 128,
  signal: null,
  output: [
    null,
    '',
    'ssh: connect to host github.com port 22: Undefined error: 0\r\n' +
      'fatal: Could not read from remote repository.\n' +
      '\n' +
      'Please make sure you have the correct access rights\n' +
      'and the repository exists.\n'
  ],
  pid: 25515,
  stdout: '',
  stderr: 'ssh: connect to host github.com port 22: Undefined error: 0\r\n' +
    'fatal: Could not read from remote repository.\n' +
    '\n' +
    'Please make sure you have the correct access rights\n' +
    'and the repository exists.\n'
}

Node.js v22.17.0
node:child_process:958
    throw err;
    ^

Error: Command failed: git push
ssh: connect to host github.com port 22: Undefined error: 0
fatal: Could not read from remote repository.

Please make sure you have the correct access rights
and the repository exists.

    at genericNodeError (node:internal/errors:983:15)
    at wrappedFn (node:internal/errors:537:14)
    at checkExecSyncError (node:child_process:883:11)
    at execSync (node:child_process:955:15)
    at run (/Users/macbookpro/NewProd/daily-commit-bot.js:24:10)
    at commitAndPush (/Users/macbookpro/NewProd/daily-commit-bot.js:124:5)
    at main (/Users/macbookpro/NewProd/daily-commit-bot.js:137:14)
    at Object.<anonymous> (/Users/macbookpro/NewProd/daily-commit-bot.js:139:3)
    at Module._compile (node:internal/modules/cjs/loader:1730:14)
    at Object..js (node:internal/modules/cjs/loader:1895:10) {
  status: 128,
  signal: null,
  output: [
    null,
    '',
    'ssh: connect to host github.com port 22: Undefined error: 0\r\n' +
      'fatal: Could not read from remote repository.\n' +
      '\n' +
      'Please make sure you have the correct access rights\n' +
      'and the repository exists.\n'
  ],
  pid: 29476,
  stdout: '',
  stderr: 'ssh: connect to host github.com port 22: Undefined error: 0\r\n' +
    'fatal: Could not read from remote repository.\n' +
    '\n' +
    'Please make sure you have the correct access rights\n' +
    'and the repository exists.\n'
}

Node.js v22.17.0
node:child_process:958
    throw err;
    ^

Error: Command failed: git push
ssh: connect to host github.com port 22: Undefined error: 0
fatal: Could not read from remote repository.

Please make sure you have the correct access rights
and the repository exists.

    at genericNodeError (node:internal/errors:983:15)
    at wrappedFn (node:internal/errors:537:14)
    at checkExecSyncError (node:child_process:883:11)
    at execSync (node:child_process:955:15)
    at run (/Users/macbookpro/NewProd/daily-commit-bot.js:24:10)
    at commitAndPush (/Users/macbookpro/NewProd/daily-commit-bot.js:124:5)
    at main (/Users/macbookpro/NewProd/daily-commit-bot.js:137:14)
    at Object.<anonymous> (/Users/macbookpro/NewProd/daily-commit-bot.js:139:3)
    at Module._compile (node:internal/modules/cjs/loader:1730:14)
    at Object..js (node:internal/modules/cjs/loader:1895:10) {
  status: 128,
  signal: null,
  output: [
    null,
    '',
    'ssh: connect to host github.com port 22: Undefined error: 0\r\n' +
      'fatal: Could not read from remote repository.\n' +
      '\n' +
      'Please make sure you have the correct access rights\n' +
      'and the repository exists.\n'
  ],
  pid: 33945,
  stdout: '',
  stderr: 'ssh: connect to host github.com port 22: Undefined error: 0\r\n' +
    'fatal: Could not read from remote repository.\n' +
    '\n' +
    'Please make sure you have the correct access rights\n' +
    'and the repository exists.\n'
}

Node.js v22.17.0
node:child_process:958
    throw err;
    ^

Error: Command failed: git push
ssh: connect to host github.com port 22: Undefined error: 0
fatal: Could not read from remote repository.

Please make sure you have the correct access rights
and the repository exists.

    at genericNodeError (node:internal/errors:983:15)
    at wrappedFn (node:internal/errors:537:14)
    at checkExecSyncError (node:child_process:883:11)
    at execSync (node:child_process:955:15)
    at run (/Users/macbookpro/NewProd/daily-commit-bot.js:24:10)
    at commitAndPush (/Users/macbookpro/NewProd/daily-commit-bot.js:124:5)
    at main (/Users/macbookpro/NewProd/daily-commit-bot.js:137:14)
    at Object.<anonymous> (/Users/macbookpro/NewProd/daily-commit-bot.js:139:3)
    at Module._compile (node:internal/modules/cjs/loader:1730:14)
    at Object..js (node:internal/modules/cjs/loader:1895:10) {
  status: 128,
  signal: null,
  output: [
    null,
    '',
    'ssh: connect to host github.com port 22: Undefined error: 0\r\n' +
      'fatal: Could not read from remote repository.\n' +
      '\n' +
      'Please make sure you have the correct access rights\n' +
      'and the repository exists.\n'
  ],
  pid: 38912,
  stdout: '',
  stderr: 'ssh: connect to host github.com port 22: Undefined error: 0\r\n' +
    'fatal: Could not read from remote repository.\n' +
    '\n' +
    'Please make sure you have the correct access rights\n' +
    'and the repository exists.\n'
}

Node.js v22.17.0
node:child_process:958
    throw err;
    ^

Error: Command failed: git push
ssh: connect to host github.com port 22: Undefined error: 0
fatal: Could not read from remote repository.

Please make sure you have the correct access rights
and the repository exists.

    at genericNodeError (node:internal/errors:983:15)
    at wrappedFn (node:internal/errors:537:14)
    at checkExecSyncError (node:child_process:883:11)
    at execSync (node:child_process:955:15)
    at run (/Users/macbookpro/NewProd/daily-commit-bot.js:24:10)
    at commitAndPush (/Users/macbookpro/NewProd/daily-commit-bot.js:124:5)
    at main (/Users/macbookpro/NewProd/daily-commit-bot.js:137:14)
    at Object.<anonymous> (/Users/macbookpro/NewProd/daily-commit-bot.js:139:3)
    at Module._compile (node:internal/modules/cjs/loader:1730:14)
    at Object..js (node:internal/modules/cjs/loader:1895:10) {
  status: 128,
  signal: null,
  output: [
    null,
    '',
    'ssh: connect to host github.com port 22: Undefined error: 0\r\n' +
      'fatal: Could not read from remote repository.\n' +
      '\n' +
      'Please make sure you have the correct access rights\n' +
      'and the repository exists.\n'
  ],
  pid: 42678,
  stdout: '',
  stderr: 'ssh: connect to host github.com port 22: Undefined error: 0\r\n' +
    'fatal: Could not read from remote repository.\n' +
    '\n' +
    'Please make sure you have the correct access rights\n' +
    'and the repository exists.\n'
}

Node.js v22.17.0
node:child_process:958
    throw err;
    ^

Error: Command failed: git push
ssh: connect to host github.com port 22: Undefined error: 0
fatal: Could not read from remote repository.

Please make sure you have the correct access rights
and the repository exists.

    at genericNodeError (node:internal/errors:983:15)
    at wrappedFn (node:internal/errors:537:14)
    at checkExecSyncError (node:child_process:883:11)
    at execSync (node:child_process:955:15)
    at run (/Users/macbookpro/NewProd/daily-commit-bot.js:24:10)
    at commitAndPush (/Users/macbookpro/NewProd/daily-commit-bot.js:124:5)
    at main (/Users/macbookpro/NewProd/daily-commit-bot.js:137:14)
    at Object.<anonymous> (/Users/macbookpro/NewProd/daily-commit-bot.js:139:3)
    at Module._compile (node:internal/modules/cjs/loader:1730:14)
    at Object..js (node:internal/modules/cjs/loader:1895:10) {
  status: 128,
  signal: null,
  output: [
    null,
    '',
    'ssh: connect to host github.com port 22: Undefined error: 0\r\n' +
      'fatal: Could not read from remote repository.\n' +
      '\n' +
      'Please make sure you have the correct access rights\n' +
      'and the repository exists.\n'
  ],
  pid: 47863,
  stdout: '',
  stderr: 'ssh: connect to host github.com port 22: Undefined error: 0\r\n' +
    'fatal: Could not read from remote repository.\n' +
    '\n' +
    'Please make sure you have the correct access rights\n' +
    'and the repository exists.\n'
}

Node.js v22.17.0
